<?xml version="1.0" encoding="UTF-8"?>
<testsuite xmlns:xsi="http://www.w3.org/2001/XMLSchema-instance" xsi:noNamespaceSchemaLocation="https://maven.apache.org/surefire/maven-surefire-plugin/xsd/surefire-test-report-3.0.xsd" version="3.0" name="cucumber.Options.TestRunner" time="18.081" tests="54" errors="0" skipped="0" failures="0">
  <properties>
    <property name="sun.desktop" value="windows"/>
    <property name="awt.toolkit" value="sun.awt.windows.WToolkit"/>
    <property name="java.specification.version" value="11"/>
    <property name="sun.cpu.isalist" value="amd64"/>
    <property name="sun.jnu.encoding" value="Cp1252"/>
    <property name="java.class.path" value="C:\Dev\jsonPlaceholder-RestAssured-Cucumber\target\test-classes;C:\Dev\jsonPlaceholder-RestAssured-Cucumber\target\classes;C:\Users\lclark\.m2\repository\junit\junit\4.13.2\junit-4.13.2.jar;C:\Users\lclark\.m2\repository\org\hamcrest\hamcrest-core\1.3\hamcrest-core-1.3.jar;C:\Users\lclark\.m2\repository\io\rest-assured\rest-assured\5.3.1\rest-assured-5.3.1.jar;C:\Users\lclark\.m2\repository\org\apache\groovy\groovy\4.0.11\groovy-4.0.11.jar;C:\Users\lclark\.m2\repository\org\apache\groovy\groovy-xml\4.0.11\groovy-xml-4.0.11.jar;C:\Users\lclark\.m2\repository\org\apache\httpcomponents\httpclient\4.5.13\httpclient-4.5.13.jar;C:\Users\lclark\.m2\repository\org\apache\httpcomponents\httpcore\4.4.13\httpcore-4.4.13.jar;C:\Users\lclark\.m2\repository\commons-logging\commons-logging\1.2\commons-logging-1.2.jar;C:\Users\lclark\.m2\repository\commons-codec\commons-codec\1.11\commons-codec-1.11.jar;C:\Users\lclark\.m2\repository\org\apache\httpcomponents\httpmime\4.5.13\httpmime-4.5.13.jar;C:\Users\lclark\.m2\repository\org\hamcrest\hamcrest\2.2\hamcrest-2.2.jar;C:\Users\lclark\.m2\repository\org\ccil\cowan\tagsoup\tagsoup\1.2.1\tagsoup-1.2.1.jar;C:\Users\lclark\.m2\repository\io\rest-assured\json-path\5.3.1\json-path-5.3.1.jar;C:\Users\lclark\.m2\repository\org\apache\groovy\groovy-json\4.0.11\groovy-json-4.0.11.jar;C:\Users\lclark\.m2\repository\io\rest-assured\rest-assured-common\5.3.1\rest-assured-common-5.3.1.jar;C:\Users\lclark\.m2\repository\io\rest-assured\xml-path\5.3.1\xml-path-5.3.1.jar;C:\Users\lclark\.m2\repository\org\apache\commons\commons-lang3\3.11\commons-lang3-3.11.jar;C:\Users\lclark\.m2\repository\com\fasterxml\jackson\datatype\jackson-datatype-jsr310\2.13.4\jackson-datatype-jsr310-2.13.4.jar;C:\Users\lclark\.m2\repository\com\fasterxml\jackson\core\jackson-annotations\2.13.4\jackson-annotations-2.13.4.jar;C:\Users\lclark\.m2\repository\com\fasterxml\jackson\core\jackson-core\2.13.4\jackson-core-2.13.4.jar;C:\Users\lclark\.m2\repository\com\fasterxml\jackson\core\jackson-databind\2.13.4\jackson-databind-2.13.4.jar;C:\Users\lclark\.m2\repository\io\cucumber\cucumber-junit\7.14.0\cucumber-junit-7.14.0.jar;C:\Users\lclark\.m2\repository\org\apiguardian\apiguardian-api\1.1.2\apiguardian-api-1.1.2.jar;C:\Users\lclark\.m2\repository\io\cucumber\cucumber-core\7.14.0\cucumber-core-7.14.0.jar;C:\Users\lclark\.m2\repository\io\cucumber\cucumber-gherkin\7.14.0\cucumber-gherkin-7.14.0.jar;C:\Users\lclark\.m2\repository\io\cucumber\cucumber-gherkin-messages\7.14.0\cucumber-gherkin-messages-7.14.0.jar;C:\Users\lclark\.m2\repository\io\cucumber\gherkin\26.2.0\gherkin-26.2.0.jar;C:\Users\lclark\.m2\repository\io\cucumber\messages\22.0.0\messages-22.0.0.jar;C:\Users\lclark\.m2\repository\io\cucumber\tag-expressions\5.0.6\tag-expressions-5.0.6.jar;C:\Users\lclark\.m2\repository\io\cucumber\cucumber-expressions\16.1.2\cucumber-expressions-16.1.2.jar;C:\Users\lclark\.m2\repository\io\cucumber\datatable\7.14.0\datatable-7.14.0.jar;C:\Users\lclark\.m2\repository\io\cucumber\cucumber-plugin\7.14.0\cucumber-plugin-7.14.0.jar;C:\Users\lclark\.m2\repository\io\cucumber\docstring\7.14.0\docstring-7.14.0.jar;C:\Users\lclark\.m2\repository\io\cucumber\html-formatter\20.4.0\html-formatter-20.4.0.jar;C:\Users\lclark\.m2\repository\io\cucumber\junit-xml-formatter\0.2.0\junit-xml-formatter-0.2.0.jar;C:\Users\lclark\.m2\repository\io\cucumber\ci-environment\9.2.0\ci-environment-9.2.0.jar;C:\Users\lclark\.m2\repository\io\cucumber\cucumber-java\7.14.0\cucumber-java-7.14.0.jar;"/>
    <property name="java.vm.vendor" value="Amazon.com Inc."/>
    <property name="sun.arch.data.model" value="64"/>
    <property name="user.variant" value=""/>
    <property name="java.vendor.url" value="https://aws.amazon.com/corretto/"/>
    <property name="user.timezone" value="Europe/London"/>
    <property name="java.vm.specification.version" value="11"/>
    <property name="os.name" value="Windows 10"/>
    <property name="sun.java.launcher" value="SUN_STANDARD"/>
    <property name="user.country" value="GB"/>
    <property name="sun.boot.library.path" value="C:\Users\lclark\.jdks\corretto-11.0.18\bin"/>
    <property name="sun.java.command" value="C:\Users\lclark\AppData\Local\Temp\surefire16754012545278322067\surefirebooter-20230927143903472_3.jar C:\Users\lclark\AppData\Local\Temp\surefire16754012545278322067 2023-09-27T14-39-03_089-jvmRun1 surefire-20230927143903472_1tmp surefire_0-20230927143903472_2tmp"/>
    <property name="jdk.debug" value="release"/>
    <property name="surefire.test.class.path" value="C:\Dev\jsonPlaceholder-RestAssured-Cucumber\target\test-classes;C:\Dev\jsonPlaceholder-RestAssured-Cucumber\target\classes;C:\Users\lclark\.m2\repository\junit\junit\4.13.2\junit-4.13.2.jar;C:\Users\lclark\.m2\repository\org\hamcrest\hamcrest-core\1.3\hamcrest-core-1.3.jar;C:\Users\lclark\.m2\repository\io\rest-assured\rest-assured\5.3.1\rest-assured-5.3.1.jar;C:\Users\lclark\.m2\repository\org\apache\groovy\groovy\4.0.11\groovy-4.0.11.jar;C:\Users\lclark\.m2\repository\org\apache\groovy\groovy-xml\4.0.11\groovy-xml-4.0.11.jar;C:\Users\lclark\.m2\repository\org\apache\httpcomponents\httpclient\4.5.13\httpclient-4.5.13.jar;C:\Users\lclark\.m2\repository\org\apache\httpcomponents\httpcore\4.4.13\httpcore-4.4.13.jar;C:\Users\lclark\.m2\repository\commons-logging\commons-logging\1.2\commons-logging-1.2.jar;C:\Users\lclark\.m2\repository\commons-codec\commons-codec\1.11\commons-codec-1.11.jar;C:\Users\lclark\.m2\repository\org\apache\httpcomponents\httpmime\4.5.13\httpmime-4.5.13.jar;C:\Users\lclark\.m2\repository\org\hamcrest\hamcrest\2.2\hamcrest-2.2.jar;C:\Users\lclark\.m2\repository\org\ccil\cowan\tagsoup\tagsoup\1.2.1\tagsoup-1.2.1.jar;C:\Users\lclark\.m2\repository\io\rest-assured\json-path\5.3.1\json-path-5.3.1.jar;C:\Users\lclark\.m2\repository\org\apache\groovy\groovy-json\4.0.11\groovy-json-4.0.11.jar;C:\Users\lclark\.m2\repository\io\rest-assured\rest-assured-common\5.3.1\rest-assured-common-5.3.1.jar;C:\Users\lclark\.m2\repository\io\rest-assured\xml-path\5.3.1\xml-path-5.3.1.jar;C:\Users\lclark\.m2\repository\org\apache\commons\commons-lang3\3.11\commons-lang3-3.11.jar;C:\Users\lclark\.m2\repository\com\fasterxml\jackson\datatype\jackson-datatype-jsr310\2.13.4\jackson-datatype-jsr310-2.13.4.jar;C:\Users\lclark\.m2\repository\com\fasterxml\jackson\core\jackson-annotations\2.13.4\jackson-annotations-2.13.4.jar;C:\Users\lclark\.m2\repository\com\fasterxml\jackson\core\jackson-core\2.13.4\jackson-core-2.13.4.jar;C:\Users\lclark\.m2\repository\com\fasterxml\jackson\core\jackson-databind\2.13.4\jackson-databind-2.13.4.jar;C:\Users\lclark\.m2\repository\io\cucumber\cucumber-junit\7.14.0\cucumber-junit-7.14.0.jar;C:\Users\lclark\.m2\repository\org\apiguardian\apiguardian-api\1.1.2\apiguardian-api-1.1.2.jar;C:\Users\lclark\.m2\repository\io\cucumber\cucumber-core\7.14.0\cucumber-core-7.14.0.jar;C:\Users\lclark\.m2\repository\io\cucumber\cucumber-gherkin\7.14.0\cucumber-gherkin-7.14.0.jar;C:\Users\lclark\.m2\repository\io\cucumber\cucumber-gherkin-messages\7.14.0\cucumber-gherkin-messages-7.14.0.jar;C:\Users\lclark\.m2\repository\io\cucumber\gherkin\26.2.0\gherkin-26.2.0.jar;C:\Users\lclark\.m2\repository\io\cucumber\messages\22.0.0\messages-22.0.0.jar;C:\Users\lclark\.m2\repository\io\cucumber\tag-expressions\5.0.6\tag-expressions-5.0.6.jar;C:\Users\lclark\.m2\repository\io\cucumber\cucumber-expressions\16.1.2\cucumber-expressions-16.1.2.jar;C:\Users\lclark\.m2\repository\io\cucumber\datatable\7.14.0\datatable-7.14.0.jar;C:\Users\lclark\.m2\repository\io\cucumber\cucumber-plugin\7.14.0\cucumber-plugin-7.14.0.jar;C:\Users\lclark\.m2\repository\io\cucumber\docstring\7.14.0\docstring-7.14.0.jar;C:\Users\lclark\.m2\repository\io\cucumber\html-formatter\20.4.0\html-formatter-20.4.0.jar;C:\Users\lclark\.m2\repository\io\cucumber\junit-xml-formatter\0.2.0\junit-xml-formatter-0.2.0.jar;C:\Users\lclark\.m2\repository\io\cucumber\ci-environment\9.2.0\ci-environment-9.2.0.jar;C:\Users\lclark\.m2\repository\io\cucumber\cucumber-java\7.14.0\cucumber-java-7.14.0.jar;"/>
    <property name="sun.cpu.endian" value="little"/>
    <property name="user.home" value="C:\Users\lclark"/>
    <property name="user.language" value="en"/>
    <property name="java.specification.vendor" value="Oracle Corporation"/>
    <property name="java.version.date" value="2023-01-17"/>
    <property name="java.home" value="C:\Users\lclark\.jdks\corretto-11.0.18"/>
    <property name="file.separator" value="\"/>
    <property name="basedir" value="C:\Dev\jsonPlaceholder-RestAssured-Cucumber"/>
    <property name="java.vm.compressedOopsMode" value="Zero based"/>
    <property name="line.separator" value="&#10;"/>
    <property name="java.specification.name" value="Java Platform API Specification"/>
    <property name="java.vm.specification.vendor" value="Oracle Corporation"/>
    <property name="java.awt.graphicsenv" value="sun.awt.Win32GraphicsEnvironment"/>
    <property name="surefire.real.class.path" value="C:\Users\lclark\AppData\Local\Temp\surefire16754012545278322067\surefirebooter-20230927143903472_3.jar"/>
    <property name="user.script" value=""/>
    <property name="sun.management.compiler" value="HotSpot 64-Bit Tiered Compilers"/>
    <property name="java.runtime.version" value="11.0.18+10-LTS"/>
    <property name="user.name" value="lclark"/>
    <property name="path.separator" value=";"/>
    <property name="os.version" value="10.0"/>
    <property name="java.runtime.name" value="OpenJDK Runtime Environment"/>
    <property name="file.encoding" value="Cp1252"/>
    <property name="java.vm.name" value="OpenJDK 64-Bit Server VM"/>
    <property name="java.vendor.version" value="Corretto-11.0.18.10.1"/>
    <property name="localRepository" value="C:\Users\lclark\.m2\repository"/>
    <property name="java.vendor.url.bug" value="https://github.com/corretto/corretto-11/issues/"/>
    <property name="java.io.tmpdir" value="C:\Users\lclark\AppData\Local\Temp\"/>
    <property name="java.version" value="11.0.18"/>
    <property name="user.dir" value="C:\Dev\jsonPlaceholder-RestAssured-Cucumber"/>
    <property name="os.arch" value="amd64"/>
    <property name="java.vm.specification.name" value="Java Virtual Machine Specification"/>
    <property name="java.awt.printerjob" value="sun.awt.windows.WPrinterJob"/>
    <property name="sun.os.patch.level" value=""/>
    <property name="java.library.path" value="C:\Users\lclark\.jdks\corretto-11.0.18\bin;C:\WINDOWS\Sun\Java\bin;C:\WINDOWS\system32;C:\WINDOWS;C:\Program Files\Eclipse Adoptium\jdk-11.0.20.101-hotspot\bin;C:\Program Files\Eclipse Adoptium\jdk-17.0.8.101-hotspot\bin;C:\Program Files\Eclipse Adoptium\jdk-17.0.8.7-hotspot\bin;C:\Program Files\Eclipse Adoptium\jdk-20.0.2.9-hotspot\bin;C:\Program Files\Eclipse Adoptium\jdk-11.0.20.8-hotspot\bin;C:\Program Files\Eclipse Adoptium\jdk-19.0.2.7-hotspot\bin;C:\WINDOWS\system32;C:\WINDOWS;C:\WINDOWS\System32\Wbem;C:\WINDOWS\System32\WindowsPowerShell\v1.0\;C:\WINDOWS\System32\OpenSSH\;C:\Program Files\dotnet\;C:\Program Files\Microsoft VS Code\bin;C:\Program Files\Amazon\AWSCLIV2\;C:\Program Files\terraform\;C:\Program Files\PostgreSQL\15\bin;C:\Program Files\nodejs\;C:\Program Files\Git\cmd;C:\Program Files\Docker\Docker\resources\bin;C:\Program Files\apache-maven-3.9.4\bin;C:\Users\lclark\AppData\Local\Microsoft\WindowsApps;;C:\Users\lclark\AppData\Local\Programs\Microsoft VS Code\bin;C:\Users\lclark\AppData\Roaming\npm;C:\Users\lclark\AppData\Local\Programs\Fiddler;."/>
    <property name="java.vm.info" value="mixed mode"/>
    <property name="java.vendor" value="Amazon.com Inc."/>
    <property name="java.vm.version" value="11.0.18+10-LTS"/>
    <property name="sun.io.unicode.encoding" value="UnicodeLittle"/>
    <property name="java.class.version" value="55.0"/>
  </properties>
  <testcase name="Verify we can create a post #1" classname="Create Posts" time="1.985"/>
  <testcase name="Verify we can create a post #2" classname="Create Posts" time="0.326"/>
  <testcase name="Verify we can create a post #3" classname="Create Posts" time="0.339"/>
  <testcase name="Verify we can create a post #4" classname="Create Posts" time="0.303"/>
  <testcase name="Verify we can create a post #5" classname="Create Posts" time="0.523"/>
  <testcase name="Verify we can delete a specific post" classname="Delete Posts" time="0.319"/>
  <testcase name="Verify we can retrieve the correct attribute values for posts #1" classname="Get All Posts" time="0.618"/>
  <testcase name="Verify we can retrieve the correct attribute values for posts #2" classname="Get All Posts" time="0.192"/>
  <testcase name="Verify we can retrieve the correct attribute values for posts #3" classname="Get All Posts" time="0.168"/>
  <testcase name="Verify we can retrieve the correct attribute values for posts #4" classname="Get All Posts" time="0.163"/>
  <testcase name="Verify we can retrieve the correct attribute values for posts #5" classname="Get All Posts" time="0.176"/>
  <testcase name="Verify we can retrieve the correct attribute values for posts #6" classname="Get All Posts" time="0.159"/>
  <testcase name="Verify we can retrieve the correct attribute values for posts #7" classname="Get All Posts" time="0.148"/>
  <testcase name="Verify we can retrieve the correct attribute values for posts #8" classname="Get All Posts" time="0.159"/>
  <testcase name="Verify we can retrieve the correct attribute values for posts #9" classname="Get All Posts" time="0.172"/>
  <testcase name="Verify we can retrieve the correct attribute values for posts #10" classname="Get All Posts" time="0.151"/>
  <testcase name="Verify we can retrieve the correct attribute values for posts #11" classname="Get All Posts" time="0.191"/>
  <testcase name="Verify we can retrieve the correct attribute values for posts #12" classname="Get All Posts" time="0.168"/>
  <testcase name="Verify we can get a post&apos;s comments #1" classname="Get All Nested Resources" time="0.235"/>
  <testcase name="Verify we can get a post&apos;s comments #2" classname="Get All Nested Resources" time="0.364"/>
  <testcase name="Verify we can get a post&apos;s comments #3" classname="Get All Nested Resources" time="0.349"/>
  <testcase name="Verify we cannot get an invalid post&apos;s comments" classname="Get All Nested Resources" time="0.312"/>
  <testcase name="Verify we can get a post&apos;s photos #1" classname="Get All Nested Resources" time="0.399"/>
  <testcase name="Verify we can get a post&apos;s photos #2" classname="Get All Nested Resources" time="0.384"/>
  <testcase name="Verify we can get a post&apos;s photos #3" classname="Get All Nested Resources" time="0.362"/>
  <testcase name="Verify we cannot get an invalid post&apos;s photos" classname="Get All Nested Resources" time="0.332"/>
  <testcase name="Verify we can get a user&apos;s albums #1" classname="Get All Nested Resources" time="0.336"/>
  <testcase name="Verify we can get a user&apos;s albums #2" classname="Get All Nested Resources" time="0.337"/>
  <testcase name="Verify we can get a user&apos;s albums #3" classname="Get All Nested Resources" time="0.325"/>
  <testcase name="Verify we cannot get an invalid user&apos;s albums #1" classname="Get All Nested Resources" time="0.293"/>
  <testcase name="Verify we can get a user&apos;s todos #1" classname="Get All Nested Resources" time="0.348"/>
  <testcase name="Verify we can get a user&apos;s todos #2" classname="Get All Nested Resources" time="0.342"/>
  <testcase name="Verify we can get a user&apos;s todos #3" classname="Get All Nested Resources" time="0.323"/>
  <testcase name="Verify we cannot get an invalid user&apos;s albums #2" classname="Get All Nested Resources" time="0.322"/>
  <testcase name="Verify we can get specific posts #1" classname="Get Post By Id" time="0.143"/>
  <testcase name="Verify we can get specific posts #2" classname="Get Post By Id" time="0.323"/>
  <testcase name="Verify we cannot get post with invalid Id #1" classname="Get Post By Id" time="0.145"/>
  <testcase name="Verify we cannot get post with invalid Id #2" classname="Get Post By Id" time="0.33"/>
  <testcase name="Verify we cannot get post with invalid Id #3" classname="Get Post By Id" time="0.291"/>
  <testcase name="Verify we can get all the posts for a single user #1" classname="Get Post By User" time="0.205"/>
  <testcase name="Verify we can get all the posts for a single user #2" classname="Get Post By User" time="0.218"/>
  <testcase name="Verify we can get all the posts for a single user #3" classname="Get Post By User" time="0.185"/>
  <testcase name="Verify we can update a specific post&apos;s title #1" classname="Patch Posts" time="0.295"/>
  <testcase name="Verify we can update a specific post&apos;s title #2" classname="Patch Posts" time="0.297"/>
  <testcase name="Verify we can update a specific post&apos;s body #1" classname="Patch Posts" time="0.305"/>
  <testcase name="Verify we can update a specific post&apos;s body #2" classname="Patch Posts" time="0.306"/>
  <testcase name="Verify we can update a specific post&apos;s userId #1" classname="Patch Posts" time="0.314"/>
  <testcase name="Verify we can update a specific post&apos;s userId #2" classname="Patch Posts" time="0.324"/>
  <testcase name="Verify we can update a specific post&apos;s id #1" classname="Patch Posts" time="0.328"/>
  <testcase name="Verify we can update a specific post&apos;s id #2" classname="Patch Posts" time="0.421"/>
  <testcase name="Verify we can update a post&apos;s title #1" classname="Update Posts" time="0.313"/>
  <testcase name="Verify we can update a post&apos;s title #2" classname="Update Posts" time="0.308"/>
  <testcase name="Verify we can update a post&apos;s body #1" classname="Update Posts" time="0.301"/>
  <testcase name="Verify we can update a post&apos;s body #2" classname="Update Posts" time="0.316"/>
</testsuite>