<?xml version="1.0" encoding="UTF-8"?>
<!-- Generated by org.testng.reporters.JUnitReportReporter -->
<testsuite hostname="WS02195" failures="0" tests="1" name="org.example.AppTest" time="0.010" errors="0" timestamp="2023-09-26T09:10:02 BST" skipped="0">
  <testcase classname="org.example.AppTest" name="testApp" time="0.010"/>
</testsuite> <!-- org.example.AppTest -->
